<?xml version="1.0" encoding="UTF-8"?>
<!-- Generated by org.testng.reporters.JUnitReportReporter -->
<testsuite hostname="P3ALAP-21J1NW2" name="scripts.AmazonTestClass" tests="4" failures="0" timestamp="12 Jul 2020 19:44:55 GMT" time="147.257" errors="0">
  <testcase name="goToSignIn" time="5.498" classname="scripts.AmazonTestClass"/>
  <testcase name="launchApp" time="0.031" classname="scripts.AmazonTestClass"/>
  <testcase name="signInToApp" time="18.429" classname="scripts.AmazonTestClass"/>
  <testcase name="searchAndSelectItemToCart" time="123.299" classname="scripts.AmazonTestClass"/>
</testsuite> <!-- scripts.AmazonTestClass -->
